<?xml version="1.0" encoding="UTF-8" ?>
<testsuite tests="4" failures="0" name="com.mirea.account.AccountTest" time="0" errors="2" skipped="0">
  <properties>
[...]
</properties>
  <testcase classname="Scenario: Withdrawing money from your account" name="Given I have 250 rubles on my account" time="0"/>
  <testcase classname="Scenario: Withdrawing money from your account" name="When I extract 200 rubles into my accoun" time="0"/>
  <testcase classname="Scenario: Withdrawing money from your account" name="Then My account has 40 rubles" time="0">
    <error message="Test not passed" type="java.lang.Exception">java.lang.Exception: Test not passed
	at com.mirea.account.StepDefinitions.my_account_has_rubles(StepDefinitions.java:37)
	at ✽.Then My account has 40 rubles(src/test/java/resources/account.feature:7)
</error>
    <system-out>Usted tiene 50 pesos en su cuenta</system-out>
  </testcase>
  <testcase classname="Scenario: Withdrawing money from your account" name="Scenario: Withdrawing money from your account" time="0">
    <error message="Test not passed" type="java.lang.Exception">java.lang.Exception: Test not passed
	at com.mirea.account.StepDefinitions.my_account_has_rubles(StepDefinitions.java:37)
	at ✽.Then My account has 40 rubles(src/test/java/resources/account.feature:7)
</error>
  </testcase>
</testsuite>